\BOOKMARK [0][-]{chapter.1}{\376\377\000I\000n\000t\000r\000o\000d\000u\000c\000t\000i\000o\000n}{}% 1
\BOOKMARK [0][-]{chapter.2}{\376\377\000I\000n\000t\000r\000o\000d\000u\000c\000t\000i\000o\000n\000\040\000a\000u\000x\000\040\000c\000o\000d\000e\000s\000\040\000c\000o\000r\000r\000e\000c\000t\000e\000u\000r\000s\000\040\000d\000'\000e\000r\000r\000e\000u\000r\000s}{}% 2
\BOOKMARK [1][-]{section.2.1}{\376\377\000I\000n\000t\000r\000o\000d\000u\000c\000t\000i\000o\000n\000\040\000a\000u\000\040\000c\000o\000d\000a\000g\000e\000\040\000c\000a\000n\000a\000l}{chapter.2}% 3
\BOOKMARK [1][-]{section.2.2}{\376\377\000L\000e\000s\000\040\000m\000\351\000t\000r\000i\000q\000u\000e\000s\000\040\000d\000e\000\040\000p\000e\000r\000f\000o\000r\000m\000a\000n\000c\000e\000\040\000d\000u\000\040\000c\000o\000d\000a\000g\000e\000\040\000c\000a\000n\000a\000l}{chapter.2}% 4
\BOOKMARK [1][-]{section.2.3}{\376\377\000L\000e\000s\000\040\000d\000i\000f\000f\000\351\000r\000e\000n\000t\000e\000s\000\040\000f\000a\000m\000i\000l\000l\000e\000s\000\040\000d\000e\000\040\000C\000C\000E}{chapter.2}% 5
\BOOKMARK [2][-]{subsection.2.3.1}{\376\377\000L\000e\000s\000\040\000t\000u\000r\000b\000o\000\040\000c\000o\000d\000e\000s}{section.2.3}% 6
\BOOKMARK [2][-]{subsection.2.3.2}{\376\377\000L\000a\000\040\000f\000a\000m\000i\000l\000l\000e\000\040\000d\000e\000s\000\040\000c\000o\000d\000e\000s\000\040\000L\000D\000P\000C\000\040\000b\000i\000n\000a\000i\000r\000e\000s}{section.2.3}% 7
\BOOKMARK [2][-]{subsection.2.3.3}{\376\377\000L\000a\000\040\000f\000a\000m\000i\000l\000l\000e\000\040\000d\000e\000s\000\040\000c\000o\000d\000e\000s\000\040\000L\000D\000P\000C\000\040\000n\000o\000n\000\040\000b\000i\000n\000a\000i\000r\000e\000s\000\040\000\050\000L\000D\000P\000C\000-\000N\000B\000\051}{section.2.3}% 8
\BOOKMARK [2][-]{subsection.2.3.4}{\376\377\000L\000a\000\040\000f\000a\000m\000i\000l\000l\000e\000\040\000d\000e\000s\000\040\000c\000o\000d\000e\000s\000\040\000p\000o\000l\000a\000i\000r\000e\000s}{section.2.3}% 9
\BOOKMARK [1][-]{section.2.4}{\376\377\000C\000o\000n\000c\000l\000u\000s\000i\000o\000n}{chapter.2}% 10
\BOOKMARK [0][-]{chapter.3}{\376\377\000S\000t\000r\000a\000t\000\351\000g\000i\000e\000s\000\040\000d\000'\000i\000m\000p\000l\000a\000n\000t\000a\000t\000i\000o\000n\000\040\000d\000e\000s\000\040\000d\000\351\000c\000o\000d\000e\000u\000r\000s\000\040\000d\000e\000\040\000C\000C\000E}{}% 11
\BOOKMARK [1][-]{section.3.1}{\376\377\000I\000n\000t\000r\000o\000d\000u\000c\000t\000i\000o\000n}{chapter.3}% 12
\BOOKMARK [1][-]{section.3.2}{\376\377\000A\000r\000c\000h\000i\000t\000e\000c\000t\000u\000r\000e\000s\000\040\000d\000\351\000d\000i\000\351\000e\000s}{chapter.3}% 13
\BOOKMARK [1][-]{section.3.3}{\376\377\000A\000r\000c\000h\000i\000t\000e\000c\000t\000u\000r\000e\000s\000\040\000p\000r\000o\000g\000r\000a\000m\000m\000a\000b\000l\000e\000s}{chapter.3}% 14
\BOOKMARK [1][-]{section.3.4}{\376\377\000A\000r\000c\000h\000i\000t\000e\000c\000t\000u\000r\000e\000s\000\040\000p\000r\000o\000g\000r\000a\000m\000m\000a\000b\000l\000e\000s\000\040\000s\000p\000\351\000c\000i\000f\000i\000q\000u\000e\000s}{chapter.3}% 15
\BOOKMARK [1][-]{section.3.5}{\376\377\000C\000o\000n\000c\000l\000u\000s\000i\000o\000n\000s}{chapter.3}% 16
\BOOKMARK [0][-]{chapter.4}{\376\377\000M\000\351\000t\000h\000o\000d\000o\000l\000o\000g\000i\000e\000\040\000d\000e\000\040\000c\000o\000n\000c\000e\000p\000t\000i\000o\000n\000\040\000e\000t\000\040\000d\000'\000i\000m\000p\000l\000a\000n\000t\000a\000t\000i\000o\000n\000\040\000d\000'\000e\000x\000t\000e\000n\000s\000i\000o\000n\000s}{}% 17
\BOOKMARK [1][-]{section.4.1}{\376\377\000I\000n\000t\000r\000o\000d\000u\000c\000t\000i\000o\000n}{chapter.4}% 18
\BOOKMARK [1][-]{section.4.2}{\376\377\000D\000e\000s\000c\000r\000i\000p\000t\000i\000f\000\040\000d\000u\000\040\000f\000l\000o\000t\000\040\000d\000e\000\040\000c\000o\000n\000c\000e\000p\000t\000i\000o\000n}{chapter.4}% 19
\BOOKMARK [2][-]{subsection.4.2.1}{\376\377\000A\000m\000\351\000l\000i\000o\000r\000a\000t\000i\000o\000n\000\040\000d\000u\000\040\000d\000\351\000c\000o\000d\000a\000g\000e\000\040\000l\000o\000g\000i\000c\000i\000e\000l\000\040\000d\000e\000s\000\040\000c\000o\000d\000e\000s\000\040\000L\000D\000P\000C}{section.4.2}% 20
\BOOKMARK [2][-]{subsection.4.2.2}{\376\377\000A\000m\000\351\000l\000i\000o\000r\000a\000t\000i\000o\000n\000\040\000d\000u\000\040\000d\000\351\000c\000o\000d\000a\000g\000e\000\040\000l\000o\000g\000i\000c\000i\000e\000l\000\040\000d\000e\000s\000\040\000c\000o\000d\000e\000s\000\040\000L\000D\000P\000C\000\040\000n\000o\000n\000\040\000b\000i\000n\000a\000i\000r\000e\000s}{section.4.2}% 21
\BOOKMARK [2][-]{subsection.4.2.3}{\376\377\000A\000l\000g\000o\000r\000i\000t\000h\000m\000e\000\040\000d\000e\000\040\000d\000\351\000c\000o\000d\000a\000g\000e\000\040\000l\000o\000g\000i\000c\000i\000e\000l\000\040\000d\000e\000s\000\040\000c\000o\000d\000e\000s\000\040\000p\000o\000l\000a\000i\000r\000e\000s}{section.4.2}% 22
\BOOKMARK [2][-]{subsection.4.2.4}{\376\377\000A\000l\000g\000o\000r\000i\000t\000h\000m\000e\000\040\000d\000e\000\040\000d\000\351\000c\000o\000d\000a\000g\000e\000\040\000l\000o\000g\000i\000c\000i\000e\000l\000\040\000d\000e\000s\000\040\000t\000u\000r\000b\000o\000\040\000c\000o\000d\000e\000s}{section.4.2}% 23
\BOOKMARK [2][-]{subsection.4.2.5}{\376\377\000S\000y\000n\000t\000h\000\350\000s\000e\000\040\000d\000e\000s\000\040\000e\000x\000t\000e\000n\000s\000i\000o\000n\000s\000\040\000p\000r\000o\000p\000o\000s\000\351\000e\000s}{section.4.2}% 24
\BOOKMARK [1][-]{section.4.3}{\376\377\000\311\000v\000a\000l\000u\000a\000t\000i\000o\000n\000\040\000d\000e\000\040\000l\000'\000i\000m\000p\000a\000c\000t\000\040\000d\000e\000\040\000l\000'\000a\000j\000o\000u\000t\000\040\000d\000'\000i\000n\000s\000t\000r\000u\000c\000t\000i\000o\000n\000s\000\040\000s\000p\000\351\000c\000i\000a\000l\000i\000s\000\351\000e\000s\000\040\000s\000u\000r\000\040\000c\000o\000e\000u\000r\000s\000\040\000R\000I\000S\000C\000-\000V}{chapter.4}% 25
\BOOKMARK [1][-]{section.4.4}{\376\377\000C\000o\000n\000c\000l\000u\000s\000i\000o\000n}{chapter.4}% 26
\BOOKMARK [0][-]{chapter.5}{\376\377\000E\000x\000t\000e\000n\000s\000i\000o\000n\000s\000\040\000S\000I\000M\000D\000\040\000p\000o\000u\000r\000\040\000l\000'\000a\000c\000c\000\351\000l\000\351\000r\000a\000t\000i\000o\000n\000\040\000d\000e\000s\000\040\000d\000\351\000c\000o\000d\000e\000u\000r\000s\000\040\000d\000e\000\040\000C\000C\000E}{}% 27
\BOOKMARK [1][-]{section.5.1}{\376\377\000I\000n\000t\000r\000o\000d\000u\000c\000t\000i\000o\000n}{chapter.5}% 28
\BOOKMARK [1][-]{section.5.2}{\376\377\000E\000x\000p\000\351\000r\000i\000m\000e\000n\000t\000a\000t\000i\000o\000n\000s\000\040\000m\000e\000n\000\351\000e\000s\000\040\000s\000u\000r\000\040\000d\000e\000s\000\040\000d\000\351\000c\000o\000d\000e\000u\000r\000s\000\040\000S\000I\000M\000D\000\040\000i\000n\000t\000e\000r\000-\000t\000r\000a\000m\000e\000s}{chapter.5}% 29
\BOOKMARK [1][-]{section.5.3}{\376\377\000E\000x\000p\000\351\000r\000i\000m\000e\000n\000t\000a\000t\000i\000o\000n\000s\000\040\000m\000e\000n\000\351\000e\000s\000\040\000s\000u\000r\000\040\000d\000e\000s\000\040\000d\000\351\000c\000o\000d\000e\000u\000r\000s\000\040\000S\000I\000M\000D\000\040\000i\000n\000t\000r\000a\000-\000t\000r\000a\000m\000e}{chapter.5}% 30
\BOOKMARK [1][-]{section.5.4}{\376\377\000S\000y\000n\000t\000h\000\350\000s\000e\000\040\000d\000e\000\040\000l\000a\000\040\000p\000a\000r\000t\000i\000e\000\040\000e\000x\000p\000\351\000r\000i\000m\000e\000n\000t\000a\000l\000e}{chapter.5}% 31
\BOOKMARK [1][-]{section.5.5}{\376\377\000C\000o\000n\000c\000l\000u\000s\000i\000o\000n}{chapter.5}% 32
\BOOKMARK [0][-]{chapter.6}{\376\377\000E\000x\000t\000e\000n\000s\000i\000o\000n\000s\000\040\000s\000p\000\351\000c\000i\000a\000l\000i\000s\000\351\000e\000s\000\040\000a\000v\000e\000c\000\040\0003\000\040\000o\000p\000\351\000r\000a\000n\000d\000e\000s}{}% 33
\BOOKMARK [1][-]{section.6.1}{\376\377\000M\000o\000d\000\350\000l\000e\000\040\000d\000'\000a\000r\000c\000h\000i\000t\000e\000c\000t\000u\000r\000e\000\040\000c\000i\000b\000l\000\351}{chapter.6}% 34
\BOOKMARK [1][-]{section.6.2}{\376\377\000\311\000v\000o\000l\000u\000t\000i\000o\000n\000\040\000d\000e\000s\000\040\000e\000x\000t\000e\000n\000s\000i\000o\000n\000s}{chapter.6}% 35
\BOOKMARK [1][-]{section.6.3}{\376\377\000I\000m\000p\000a\000c\000t\000\040\000d\000e\000s\000\040\000n\000o\000u\000v\000e\000l\000l\000e\000s\000\040\000e\000x\000t\000e\000n\000s\000i\000o\000n\000s\000\040\000d\000e\000\040\000l\000'\000I\000S\000A}{chapter.6}% 36
\BOOKMARK [2][-]{subsection.6.3.1}{\376\377\000\311\000v\000a\000l\000u\000a\000t\000i\000o\000n\000\040\000d\000e\000s\000\040\000e\000x\000t\000e\000n\000s\000i\000o\000n\000s\000\040\000s\000c\000a\000l\000a\000i\000r\000e\000s}{section.6.3}% 37
\BOOKMARK [2][-]{subsection.6.3.2}{\376\377\000\311\000v\000a\000l\000u\000a\000t\000i\000o\000n\000\040\000d\000e\000s\000\040\000e\000x\000t\000e\000n\000s\000i\000o\000n\000s\000\040\000S\000I\000M\000D\000\040\000i\000n\000t\000e\000r\000-\000t\000r\000a\000m\000e\000s}{section.6.3}% 38
\BOOKMARK [2][-]{subsection.6.3.3}{\376\377\000\311\000v\000a\000l\000u\000a\000t\000i\000o\000n\000\040\000d\000e\000s\000\040\000e\000x\000t\000e\000n\000s\000i\000o\000n\000s\000\040\000S\000I\000M\000D\000\040\000i\000n\000t\000r\000a\000-\000t\000r\000a\000m\000e}{section.6.3}% 39
\BOOKMARK [1][-]{section.6.4}{\376\377\000C\000o\000n\000c\000l\000u\000s\000i\000o\000n}{chapter.6}% 40
\BOOKMARK [0][-]{chapter.7}{\376\377\000C\000o\000n\000c\000l\000u\000s\000i\000o\000n\000\040\000e\000t\000\040\000P\000e\000r\000s\000p\000e\000c\000t\000i\000v\000e\000s}{}% 41
\BOOKMARK [0][-]{section*.82}{\376\377\000A\000n\000n\000e\000x\000e\000s}{}% 42
\BOOKMARK [0][-]{section*.130}{\376\377\000B\000i\000b\000l\000i\000o\000g\000r\000a\000p\000h\000i\000e}{}% 43
